C51 COMPILER V9.56.0.0   BT_RX                                                             07/13/2017 15:42:05 PAGE 1   


C51 COMPILER V9.56.0.0, COMPILATION OF MODULE BT_RX
OBJECT MODULE PLACED IN .\Objects\bt_rx.obj
COMPILER INVOKED BY: C:\Keil_v5\C51\BIN\C51.EXE bt_rx.c OPTIMIZE(8,SPEED) BROWSE DEBUG OBJECTEXTEND PRINT(.\Listings\bt_
                    -rx.lst) TABS(2) OBJECT(.\Objects\bt_rx.obj)

line level    source

   1          #include<reg51.h>
   2          sbit led=P3^2;
   3          char ht;
   4          void main(void)
   5          { TMOD=0X20;
   6   1           SCON=0X50;
   7   1           TH1=0xfd;
   8   1           TR1=1;
   9   1        while(1)   {
  10   2        while(!RI);
  11   2           ht=SBUF;
  12   2           RI=0;
  13   2           if(ht=='1')
  14   2           { led=0;
  15   3           }
  16   2         }
  17   1       }
  18            


MODULE INFORMATION:   STATIC OVERLAYABLE
   CODE SIZE        =     28    ----
   CONSTANT SIZE    =   ----    ----
   XDATA SIZE       =   ----    ----
   PDATA SIZE       =   ----    ----
   DATA SIZE        =      1    ----
   IDATA SIZE       =   ----    ----
   BIT SIZE         =   ----    ----
END OF MODULE INFORMATION.


C51 COMPILATION COMPLETE.  0 WARNING(S),  0 ERROR(S)
