C51 COMPILER V9.56.0.0   MINI1                                                             07/10/2017 11:36:57 PAGE 1   


C51 COMPILER V9.56.0.0, COMPILATION OF MODULE MINI1
OBJECT MODULE PLACED IN .\Objects\mini1.obj
COMPILER INVOKED BY: C:\Keil_v5\C51\BIN\C51.EXE mini1.c OPTIMIZE(8,SPEED) BROWSE DEBUG OBJECTEXTEND PRINT(.\Listings\min
                    -i1.lst) TABS(2) OBJECT(.\Objects\mini1.obj)

line level    source

   1          ////ldr+led===working
   2          //sound sensor working but not with ldr
   3          //  //not responding
   4          
   5          
   6          #include<reg51.h>
   7          sbit ldr=P0^5;           //working
   8          sbit led=P3^2;
   9          sbit led2=P3^3;
  10          sbit sound_sensor=P0^0;
  11          
  12          unsigned int i;
  13          char ar1[6]=" baby";
  14          char ar2[4]=" is";
  15          char ar3[8]=" crying";
  16          float w=15; //weight
  17          float l=51;  //length
  18          float r; //ratio
  19          int choice;
  20          sbit RS=P2^0;
  21          sbit E=P2^1;
  22          void delay();
  23          void cmdtolcd(unsigned char);
  24          void datatolcd(char ar[]);
  25          
  26          void main(void)
  27          {   r=w/l;
  28   1        while(1)
  29   1        {  
  30   2          
  31   2          if(ldr==0)       
  32   2             led=0;              
  33   2            else
  34   2             led=1;
  35   2            
  36   2            
  37   2           if(sound_sensor==1)   
  38   2            {TMOD=0x20;   
  39   3          TH1=0XFD; 
  40   3          SCON=0X50; 
  41   3          TR1=1;
  42   3        for(i=0;i<6;i++)
  43   3          {     
  44   4             SBUF=ar1[i];
  45   4             while(TI==0);
  46   4             TI=0;
  47   4          }
  48   3          for(i=0;i<28000;i++);
  49   3          for(i=0;i<4;i++)
  50   3          {     
  51   4             SBUF=ar2[i];
  52   4             while(TI==0);
  53   4             TI=0;
  54   4          }
C51 COMPILER V9.56.0.0   MINI1                                                             07/10/2017 11:36:57 PAGE 2   

  55   3          for(i=0;i<28000;i++);
  56   3          for(i=0;i<8;i++)
  57   3          {     
  58   4             SBUF=ar3[i];
  59   4             while(TI==0);
  60   4             TI=0;
  61   4          }
  62   3          for(i=0;i<28000;i++);
  63   3        }
  64   2            
  65   2          if(!led2)
  66   2          {
  67   3          cmdtolcd(0x38); 
  68   3          delay();
  69   3          cmdtolcd(0x0E);
  70   3          delay();
  71   3          cmdtolcd(0x01);
  72   3          delay();
  73   3          cmdtolcd(0x81);
  74   3          delay();
  75   3          
  76   3          if(l>=45&&l<50)
  77   3          {if(r>0.2)
  78   4            datatolcd("overweight");
  79   4           else if(r<0.15)
  80   4             datatolcd("underweight");
  81   4           else
  82   4             datatolcd("normal");
  83   4         }
  84   3           if(l>=50&&l<65)
  85   3           { if(r>0.3)
  86   4             datatolcd("overweight");
  87   4             else if(r<0.21)
  88   4             datatolcd("underweight");
  89   4             else
  90   4               datatolcd("normal");
  91   4           }
  92   3           if(l>=65&&l<80)
  93   3           { if(r>0.24)
  94   4            datatolcd("overweight");
  95   4            else if(r<0.16)
  96   4              datatolcd("underweight");
  97   4            else
  98   4              datatolcd("normal");
  99   4           }
 100   3          delay();
 101   3          delay();
 102   3          delay();
 103   3        
 104   3           
 105   3         }  
 106   2        }
 107   1      }
 108          
 109          void cmdtolcd(unsigned char cmd)
 110          { P1=cmd;
 111   1        RS=0;
 112   1        E=1;
 113   1        delay();
 114   1        E=0;
 115   1      }
 116          
C51 COMPILER V9.56.0.0   MINI1                                                             07/10/2017 11:36:57 PAGE 3   

 117          void datatolcd(char ar[12])
 118          {  int i,info;
 119   1        for(i=0;ar[i]!='\0';i++)
 120   1        { info=ar[i];
 121   2          P1=info;
 122   2          RS=1;
 123   2          E=1;
 124   2          delay();
 125   2          E=0;
 126   2        }
 127   1      }
 128          
 129          void delay()
 130          { unsigned int j;
 131   1        for(j=0;j<25000;j++);
 132   1      }


MODULE INFORMATION:   STATIC OVERLAYABLE
   CODE SIZE        =    669    ----
   CONSTANT SIZE    =     30    ----
   XDATA SIZE       =   ----    ----
   PDATA SIZE       =   ----    ----
   DATA SIZE        =     34       7
   IDATA SIZE       =   ----    ----
   BIT SIZE         =   ----    ----
END OF MODULE INFORMATION.


C51 COMPILATION COMPLETE.  0 WARNING(S),  0 ERROR(S)
